mode: atomic
datadog-proxy/cmd/main.go:17.32,19.2 1 0
datadog-proxy/cmd/main.go:21.31,23.18 2 0
datadog-proxy/cmd/main.go:24.15,25.25 1 0
datadog-proxy/cmd/main.go:26.18,27.24 1 0
datadog-proxy/cmd/main.go:28.14,29.24 1 0
datadog-proxy/cmd/main.go:30.15,31.25 1 0
datadog-proxy/cmd/main.go:32.10,33.24 1 0
datadog-proxy/cmd/main.go:37.13,45.16 6 0
datadog-proxy/cmd/main.go:45.16,47.3 1 0
datadog-proxy/cmd/main.go:48.2,50.39 2 0
datadog-proxy/cmd/main.go:50.39,55.3 2 0
datadog-proxy/cmd/main.go:57.2,64.12 4 0
datadog-proxy/cmd/main.go:64.12,68.3 3 0
datadog-proxy/cmd/main.go:70.2,70.12 1 0
datadog-proxy/cmd/main.go:73.56,76.2 2 0
datadog-proxy/cmd/main.go:17.32,19.2 1 0
datadog-proxy/cmd/main.go:21.31,23.18 2 0
datadog-proxy/cmd/main.go:24.15,25.25 1 0
datadog-proxy/cmd/main.go:26.18,27.24 1 0
datadog-proxy/cmd/main.go:28.14,29.24 1 0
datadog-proxy/cmd/main.go:30.15,31.25 1 0
datadog-proxy/cmd/main.go:32.10,33.24 1 0
datadog-proxy/cmd/main.go:37.13,45.16 6 0
datadog-proxy/cmd/main.go:45.16,47.3 1 0
datadog-proxy/cmd/main.go:48.2,50.39 2 0
datadog-proxy/cmd/main.go:50.39,55.3 2 0
datadog-proxy/cmd/main.go:57.2,64.12 4 0
datadog-proxy/cmd/main.go:64.12,68.3 3 0
datadog-proxy/cmd/main.go:70.2,70.12 1 0
datadog-proxy/cmd/main.go:73.56,76.2 2 0
datadog-proxy/config/config.go:15.69,18.16 3 1
datadog-proxy/config/config.go:18.16,20.3 1 0
datadog-proxy/config/config.go:21.2,22.16 2 1
datadog-proxy/handler/handler.go:21.36,23.2 1 0
datadog-proxy/handler/handler.go:25.48,28.21 3 0
datadog-proxy/handler/handler.go:28.21,33.3 4 0
datadog-proxy/handler/handler.go:35.2,37.16 3 0
datadog-proxy/handler/handler.go:37.16,42.3 4 0
datadog-proxy/handler/handler.go:44.2,45.48 2 0
datadog-proxy/handler/handler.go:45.48,50.3 4 0
datadog-proxy/handler/handler.go:52.2,55.16 4 0
datadog-proxy/handler/handler.go:55.16,60.3 4 0
datadog-proxy/handler/handler.go:61.2,65.16 4 0
datadog-proxy/handler/handler.go:65.16,69.3 3 0
datadog-proxy/handler/handler.go:70.2,73.32 3 0
datadog-proxy/handler/handler.go:73.32,74.25 1 0
datadog-proxy/handler/handler.go:74.25,76.4 1 0
datadog-proxy/handler/handler.go:78.2,80.30 3 0
datadog-proxy/handler/handler.go:83.50,90.44 6 0
datadog-proxy/handler/handler.go:90.44,93.3 2 0
datadog-proxy/handler/handler.go:94.2,94.12 1 0
datadog-proxy/cmd/main.go:17.32,19.2 1 0
datadog-proxy/cmd/main.go:21.31,23.18 2 0
datadog-proxy/cmd/main.go:24.15,25.25 1 0
datadog-proxy/cmd/main.go:26.18,27.24 1 0
datadog-proxy/cmd/main.go:28.14,29.24 1 0
datadog-proxy/cmd/main.go:30.15,31.25 1 0
datadog-proxy/cmd/main.go:32.10,33.24 1 0
datadog-proxy/cmd/main.go:37.13,45.16 6 0
datadog-proxy/cmd/main.go:45.16,47.3 1 0
datadog-proxy/cmd/main.go:48.2,50.39 2 0
datadog-proxy/cmd/main.go:50.39,55.3 2 0
datadog-proxy/cmd/main.go:57.2,64.12 4 0
datadog-proxy/cmd/main.go:64.12,68.3 3 0
datadog-proxy/cmd/main.go:70.2,70.12 1 0
datadog-proxy/cmd/main.go:73.56,76.2 2 0
datadog-proxy/config/config.go:15.69,18.16 3 0
datadog-proxy/config/config.go:18.16,20.3 1 0
datadog-proxy/config/config.go:21.2,22.16 2 0
datadog-proxy/handler/handler.go:21.36,23.2 1 1
datadog-proxy/handler/handler.go:25.48,28.21 3 2
datadog-proxy/handler/handler.go:28.21,33.3 4 1
datadog-proxy/handler/handler.go:35.2,37.16 3 1
datadog-proxy/handler/handler.go:37.16,42.3 4 0
datadog-proxy/handler/handler.go:44.2,45.48 2 1
datadog-proxy/handler/handler.go:45.48,50.3 4 1
datadog-proxy/handler/handler.go:52.2,55.16 4 0
datadog-proxy/handler/handler.go:55.16,60.3 4 0
datadog-proxy/handler/handler.go:61.2,65.16 4 0
datadog-proxy/handler/handler.go:65.16,69.3 3 0
datadog-proxy/handler/handler.go:70.2,73.32 3 0
datadog-proxy/handler/handler.go:73.32,74.25 1 0
datadog-proxy/handler/handler.go:74.25,76.4 1 0
datadog-proxy/handler/handler.go:78.2,80.30 3 0
datadog-proxy/handler/handler.go:83.50,90.44 6 0
datadog-proxy/handler/handler.go:90.44,93.3 2 0
datadog-proxy/handler/handler.go:94.2,94.12 1 0
